[   0.000000] Initializing cgroup subsys cpuset
[    0.000000] Initializing cgroup subsys cpu
[    0.000000] Initializing cgroup subsys cpuacct
[    0.000000] Linux version 4.4.0-16-generic (buildd@lgw01-55) (gcc version 5.3.1 20160320 (Ubuntu/Linaro 5.3.1-12ubuntu4) ) #32-Ubuntu SMP Thu Mar 24 22:38:01 UTC 2016 (Ubuntu 4.4.0-16.32-generic 4.4.6)
[    0.000000] Command line: BOOT_IMAGE=/boot/vmlinuz-4.4.0-16-generic root=LABEL=cloudimg-rootfs ro console=tty1 console=ttyS0 net.ifnames=0
[    0.000000] KERNEL supported cpus:
[    0.000000]   Intel GenuineIntel
[    0.000000]   AMD AuthenticAMD
[    0.000000]   Centaur CentaurHauls
[    0.000000] x86/fpu: xstate_offset[2]:  576, xstate_sizes[2]:  256
[    0.000000] x86/fpu: Supporting XSAVE feature 0x01: 'x87 floating point registers'
[    0.000000] x86/fpu: Supporting XSAVE feature 0x02: 'SSE registers'
[    0.000000] x86/fpu: Supporting XSAVE feature 0x04: 'AVX registers'
[    0.000000] x86/fpu: Enabled xstate features 0x7, context size is 832 bytes, using 'standard' format.
[    0.000000] x86/fpu: Using 'lazy' FPU context switches.
[    0.000000] e820: BIOS-provided physical RAM map:
[    0.000000] BIOS-e820: [mem 0x0000000000000000-0x000000000009fbff] usable
[    0.000000] BIOS-e820: [mem 0x000000000009fc00-0x000000000009ffff] reserved
[    0.000000] BIOS-e820: [mem 0x00000000000f0000-0x00000000000fffff] reserved
[    0.000000] BIOS-e820: [mem 0x0000000000100000-0x000000003ffeffff] usable
[    0.000000] BIOS-e820: [mem 0x000000003fff0000-0x000000003fffffff] ACPI data
[    0.000000] BIOS-e820: [mem 0x00000000fffc0000-0x00000000ffffffff] reserved
[    0.000000] NX (Execute Disable) protection: active
[    0.000000] SMBIOS 2.5 present.
[    0.000000] Hypervis dtect: M
[    0.000000] e820: last_pfn = 0x3fff0 max_arch_pfn = 0x400000000
[    0.000000] x86/PAT: Configuration [07]: WB  WC  UC- UC  WB  WC  UC- WT  
[    0.000000] MTRR: Disabled
[    0.000000] CPU MTRRs all blank - virtualized system.
[    0.000000] found SMP MP-table at [mem 0x0009fff0-0x0009ffff] mapped at [ffff88000009fff0]
[    0.000000] Scanning 1 areas for low memory corruption
[    0.000000] RAMDISK: [mem 0x371b4000-0x378d1fff]
[    0.000000] ACPI: Early talechecksumvefiaton disabled
[    0.000000] ACPI: RSDP 0x00000000000E0000 000024 (v02 VBOX  )
[[    0.000000] ACPI: XSDT 0x000000003FFF0030 00003C (v01 VBOX   VBOXXSDT 00000001 ASL  00000061)
[    0.000000] ACPI: FACP 0x000000003FFF00F0 0000F4 (v04 VBOX   VBOXFACP 00000001 ASL  00000061)
[    0.000000] ACPI: DSDT 0x000000003FFF0470 001CEB (v01 VBOX   VBOXBIOS 00000002 INTL 20150717)
[    0.000000] ACPI: FACS 0x000000003FFF0200 000040
[    0.000000] ACPI: FACS 0x000000003FFF0200 000040
[    0.000000] ACPI: APIC 0x000000003FFF0240 00005C (v02 VBOX   VBOXAPIC 00000001 ASL  00000061)
[    0.000000] ACPI: SSDT 0x000000003FFF02A0 0001CC (v01 VBOX   VBOXCPUT 00000002 INTL 20150717)
[    0.000000] No NUMA configuration found
[    0.000000] Faking a node at [mem 0x0000000000000-x000003ffeffff]
[    0.000000] NODE_DATA(0) allocated [mem 0x3ffeb000-0x3ffeffff]
[    0.000000] kvm-clock: Using msrs 4b564d01 and 4b564d00
[    0.000000] kvm-clock: cpu 0 m 03ffe7001, primary cpu clock
[    0.000000] kvm-clock: using sched offset of 2976462394 cycles
[    0.000000] clocksource: kvm-clock: mask: 0xffffffffffffffff max_cycles: 0x1cd42e4dffb, max_idle_ns: 881590591483 ns
[   .00000] Zone ranges:
[    0.000000]   DMA      [mem 0x0000000000001000-0x0000000000ffffff]
[    0.000000]   DMA32    [mem 0x0000000001000000-0x000000003ffeff]
[    0000000]   Normal   empty
[    0.000000]   Device   empty
[    0.000000] Movable zone start for each node
[    0.000000] Early memory node ranges
[    0.000000]   node   0: [mem 0x0000000000001000-0x000000000009efff]
[    0.000000]   node   0: [mem 0x0000000000100000-0x000000003ffeffff]
[    0.000000] Initmem setup node 0 [mem 0x0000000000001000-0x000000003ffeffff]
[    0.000000] ACPI: PM-Timer IO Port: 0x4008
[    0.000000] IOAPIC[0]: apic_id 2, version 17, adrs 0xfec00000, GSI 0-23
[     0.000000] ACPI: INT_SRC_OVR (bus 0 bus_irq 0 global_irq 2 dfl dfl)
[    0.000000] ACPI: INT_SRC_OVR (bus 0 bus_irq 9 global_irq 9 high level)
[    0.000000] Using ACPI (MADT) for SMP configuration information
[    0.000000] smpboot: Allowing 2 CPUs, 0 hotplug CPUs
[    0.000000] PM: Registered nosave memory: [mem 0x00000000-0x00000fff]
[    0.000000] PM: Registered nosave memory: [mem 0x0009f000-0x0009ffff]
[    0.000000] PM: Registered nosave memory: [mem 0x000a0000-0x000effff]
[    0.000000] PM: Registered nosave memory: [mem 0x000f0000-0x000fffff]
[    0.000000] e820: [mem 0x40000000-0xfffbffff] available for PCI devices
[    0.000000] Booting paravirtualized kernel on KVM
[    0.000000] clocksource: refined-jiffies: mask: 0xffffffff max_cycles: 0xffffffff, max_idle_ns: 7645519600211568 ns
[    0.000000] setup_percpu: NR_CPUS:256 nr_cpumask_bits:256 nr_cpu_ids:2 nr_node_ids:1
[    0.000000] PERCPU: Embedded 33 pages/cpu @ffff88003fc00000 s98008 r8192 d28968 u1048576
[    0.000000] PV qspinlock hash table entries: 256 (order: 0, 4096 bytes)
[    0.000000] Built 1 zonelists in Node order, mobility grouping on.  Total pages: 257913
[    0.000000] Policy zone: DMA32
[    0.000000] Kernel command line: BOOT_IMAGE=/boot/vmlinuz-44.0-16-genericro=LBEL=cloudimg-rootfs ro console=tty1 console=ttyS0 net.ifnames=0
[    0.000000] PID hash table entries406 order: 3, 32768 bytes)
[    0.000000] Memory: 1005368K/1048120K available (8358K kernel code, 1277K rwdata, 3916K rodata, 1468K init, 1292K bss, 42752K reserved, 0K cma-reserved)
[    0.000000] SLUB: HWalign=64, Order=0-3, MinObjects=0, CPUs=2, Nodes=1
[    0.000000] Hierarchical RCU implementation.
[    0.000000] 	Build-time adjustment of leaf fanout to 64.
[    0.000000] 	RCU restricting CPUs from NR_CPUS=256 to nr_cpu_ids=2.
[    0.000000] RCU: Adjusting geometry for r_fout_leaf=64, nr_cpu_ids=2
[    0.000000] NR_IRQS:16640 nr_irqs:440 16
[    0.000000] Console: colour VGA+ 80x25
[    0.000000] console [tty1] enabled
[    0.000000] coso [ttyS0] enabled
[    0.000000] tsc: Detected 3602.204Hz processor
[    0.988467]Caibrating delay loop (skipped) preset value.. 7204.40 BogoMIPS (lpj=14408816)
[    1.017560] pid_max: default: 32768 minimum: 301
[    1.018249] ACPI: Core revision 20150930
[    1.019582] ACPI: 2 ACPI AML tables successfully acquired and loaded
[    1.020601] Security Framework initialized
[    1.021258] Yama: becoming mindful.
[    1.025474] AppArmor: AppArmor initialized
[    1.026192] Dentry cache hash table entries: 131072 (order: 8, 1048576 bytes)
[    1.037255] Inode-cache hash table entries: 65536 (order: 7, 524288 bytes)
[    1.046409] Mount-cache hash table entries: 2048 (order: 2, 16384 bytes)
[    1.052581] Mountpoint-cache hash table entries: 2048 (order: 2, 16384 bytes)
[    1.053669] Initializing cgroup subsys io
[    1.054297] Initializing cgroup subsys memory
[    1.054978] Initializing cgroup subsys devices
[    1.055706] Initializing cgroup subsys freezer
[    1.061297] Initializing cgroup subsys net_cls
[    1.062002] Initializing cgroup subsys perf_event
[    1.062689] Initializing cgroup subsys net_prio
[    1.063381] Initializing cgroup subsys hugetlb
[    1.064047] Initializing cgroup subsys pids
[    1.064772] CPU: Physical Processor ID: 0
[    1.065465] CPU: Processor Core ID: 0
[    1.076764] mce: CPU supports 0 MCE banks
[    1.078492] Last level iTLB entries: 4KB 512, 2MB 8, 4MB 8
[    1.093354] Last level dTLB entries: 4KB 512, 2MB 32, 4MB 32, 1GB 0
[    1.098611] Freeing SMP alternatives memory: 28K (ffffffff820b0000 - ffffffff820b7000)
[    1.123968] ftrace: allocating 31805 entries in 125 pages
[    1.175573] ..TIMER: vector=0x30 apic1=0 pin1=2 apic2=-1 pin2=-1
[    1.289456] smpboot: CPU0: Intel(R) Core(TM) i7-3820 CPU @ 3.60GHz (family: 0x6, model: 0x2d, stepping: 0x7)
[    1.316697] Performance Events: unsupported p6 CPU model 45 no PMU driver, software events only.
[    1.338070] KVM setup paravirtual spinlock
[    1.362594] x86: Booting SMP configuration:
[    1.373483] .... node  #0, CPUs:      #1
[    1.383353] kvm-clock: cpu 1, msr 0:3ffe7041, secondary cpu clock
[    1.389162] mce: CPU supports 0 MCE banks
[    1.391559] x86: Booted up 1 node, 2 CPUs
[    1.392543] smpboot: Total of 2 processors activated (14408.81 BogoMIPS)
[    1.396631] devtmpfs: initialized
[    1.399595] evm: security.selinux
[    1.400309] evm: security.SMACK64
[    1.400998] evm: security.SMACK64EXEC
[    1.409261] evm: security.SMACK64TRANSMUTE
[    1.415168] evm: security.SMACK64MMAP
[    1.416835] evm: security.ima
[    1.429988] evm: security.capability
[    1.433558] clocksource: jiffies: mask: 0xffffffff max_cycles: 0xffffffff, max_idle_ns: 7645041785100000 ns
[    1.451606] pinctrl core: initialized pinctrl subsystem
[    1.456593] RTC time: 14:40:04, date: 04/05/16
[    1.460652] NET: Registered protocol family 16
[    1.473282] cpuidle: using governor ladder
[    1.489350] cpuidle: using governor menu
[    1.505401] PCCT header not found.
[    1.508556] ACPI: bus type PCI registered
[    1.525425] acpiphp: ACPI Hot Plug PCI Controller Driver version: 0.5
[    1.531664] PCI: Using configuration type 1 for base access
[    1.542416] ACPI: Added _OSI(Module Device)
[    1.544730] ACPI: Added _OSI(Processor Device)
[    1.545384] ACPI: Added _OSI(3.0 _SCP Extensions)
[    1.554744] ACPI: Added _OSI(Processor Aggregator Device)
[    1.565711] ACPI: Executed 1 blocks of module-level executable AML code
[    1.568125] ACPI: Interpreter enabled
[    1.568722] ACPI Exception: AE_NOT_FOUND, While evaluating Sleep State [\_S1_] (20150930/hwxface-580)
[    1.578080] ACPI Exception: AE_NOT_FOUND, While evaluating Sleep State [\_S2_] (20150930/hwxface-580)
[    1.579466] ACPI Exception: AE_NOT_FOUND, While evaluating Sleep State [\_S3_] (20150930/hwxface-580)
[    1.595971] ACPI Exception: AE_NOT_FOUND, While evaluating Sleep State [\_S4_] (20150930/hwxface-580)
[    1.608192] ACPI: (supports S0 S5)
[    1.609954] ACPI: Using IOAPIC for interrupt routing
[    1.612470] PCI: Using host bridge windows from ACPI; if necessary, use "pci=nocrs" and report a bug
[    1.615728] ACPI: PCI Root Bridge [PCI0] (domain 0000 [bus 00-ff])
[    1.617823] acpi PNP0A03:00: _OSC: OS supports [ASPM ClockPM Segments MSI]
[    1.628195] acpi PNP0A03:00: _OSC failed (AE_NOT_FOUND); disabling ASPM
[    1.630154] acpi PNP0A03:00: fail to add MMCONFIG information, can't access extended PCI configuration space under this bridge.
[    1.634461] PCI host bridge to bus 0000:00
[    1.635087] pci_bus 0000:00: root bus resource [io  0x0000-0x0cf7 window]
[    1.636001] pci_bus 0000:00: root bus resource [io  0x0d00-0xffff window]
[    1.654562] pci_bus 0000:00: root bus resource [mem 0x000a0000-0x000bffff window]
[    1.656837] pci_bus 0000:00: root bus resource [mem 0x40000000-0xffdfffff window]
[    1.659089] pci_bus 0000:00: root bus resource [bus 00-ff]
[    1.661210] pci 0000:00:01.1: legacy IDE quirk: reg 0x10: [io  0x01f0-0x01f7]
[    1.672630] pci 0000:00:01.1: legacy IDE quirk: reg 0x14: [io  0x03f6]
[    1.688602] pci 0000:00:01.1: legacy IDE quirk: reg 0x18: [io  0x0170-0x0177]
[    1.690641] pci 0000:00:01.1: legacy IDE quirk: reg 0x1c: [io  0x0376]
[    1.706794] ACPI: PCI Interrupt Link [LNKA] (IRQs 5 9 10 11) *0, disabled.
[    1.713660] ACPI: PCI Interrupt Link [LNKB] (IRQs 5 9 10 *11)
[    1.724513] ACPI: PCI Interrupt Link [LNKC] (IRQs 5 9 *10 11)
[    1.725688] ACPI: PCI Interrupt Link [LNKD] (IRQs 5 *9 10 11)
[    1.738094] ACPI: Enabled 2 GPEs in block 00 to 07
[    1.751769] vgaarb: setting as boot device: PCI:0000:00:02.0
[    1.752558] vgaarb: device added: PCI:0000:00:02.0,decodes=io+mem,owns=io+mem,locks=none
[    1.753778] vgaarb: loaded
[    1.754264] vgaarb: bridge control possible 0000:00:02.0
[    1.756710] SCSI subsystem initialized
[    1.757540] ACPI: bus type USB registered
[    1.772630] usbcore: registered new interface driver usbfs
[    1.773407] usbcore: registered new interface driver hub
[    1.774232] usbcore: registered new device driver usb
[    1.789332] PCI: Using ACPI for IRQ routing
[    1.790256] NetLabel: Initializing
[    1.790817] NetLabel:  domain hash size = 128
[    1.798593] NetLabel:  protocols = UNLABELED CIPSOv4
[    1.799335] NetLabel:  unlabeled traffic allowed by default
[    1.805006] clocksource: Switched to clocksource kvm-clock
[    1.814799] AppArmor: AppArmor Filesystem Enabled
[   .893 pp:PnP ACPI init
[   2.017154] pnp: PnP ACPI: found 3 devices

[   .084] losoce apipm msk0xfffff max_cycles: 0xffffff, max_idle_ns: 2085701024 ns
[    2.442171] NET: Registered protocol family 2
[    2.443043] TCP established hash table entries: 8192 (order: 4, 65536 bytes)
[   .453 T bd astae ntie 892orer5,131072 bytes)
[    3.036611] TCP: Hash tables configured (established 8192 bind 8192)
[    3.037519] UDP hash table entries: 512 (order: 2, 16384 bytes)
[    30332] DPit hh ble entries: 512 (order: 2, 16384 bytes)
[   2737NE Rgiteedrocofaly1  3.381]ci0000:00.0: Limiting direct PCI/PCI transfers
[   0424pc000::00:ctatngSAMAhag orrond
   4774]ryg o pa rootfs image as initramfs...
[    6.025978] Freeing initrd memory: 7288K (ffff8800371b4000 - ffff8800378d2000)
[    6.042187] platform rtc_cmos: registered platform RTC device (no PNP device found)
[    6.047286] RAPL PMU detected, API unit is 2^-32 Joules, 3 fixed counters 10737418240 ms ovfl timer
[   0489hwni odoaippco 20 ul
   68221] hw unit of domain package 2^-0 Joules

[    6.689364] hw unit of domain dram 2^-0 Joules
[    6.691149] Scanning for low memory corruption every 60 seconds
[    6.692396] futex hash table entries: 512 (ordrr: 3, 32768 bytes)
[    6.716703] audit: initializing netlink subsys (disabled)
[    6.746780] audit: type=2000 audit(1459867213.041:1): initialized
[    6.747842] Initialise system trusted keyring
[    6.757092] HugeTLB registered 2 MB page size, pre-allocated 0 pages
[    6.765475] zbud: loaded
[    6.766255] VFS: Disk quotas dquot_6.6.0
[    6.766957] VFS: Dquot-cache hash table entries: 512 (order 0, 4096 bytes)
[    6.817247] fuse init (API version 7.23)
[    6.824387] Key type big_key registered
[    6.837682] Key type asymmetric registered
[    6.846795] Asymmetric key parser 'x509' registered
[    6.849382] Block layer SCSI generic (bsg) driver version 0.4 loaded (major 249)
[    6.856883] io scheduler noop registered
[    6.857551] io scheduler deadline registered (default)
[    6.866900] io scheduler cfq registered
[    6.871356] pci_hotplug: PCI Hot Plug PCI Core version: 0.5
[    6.886647] pciehp: PCI Express Hot Plug Controller Driver version: 0.4
[    6.887684] ACPI: AC Adapter [AC] (on-line)
[    6.888382] input: Power Button as /devices/LNXSYSTM:00/LNXPWRBN:00/input/input0
[    6.889549] ACPI: Power Button [PWRF]
[    6.890192] input: Sleep Button as /devices/LNXSYSTM:00/LNXSLPBN:00/input/input1
[    6.916975] ACPI: Sleep Button [SLPF]
[    6.927283] GHES: HEST is not enabled!
[    6.927988] Serial: 8250/16550 driver, 32 ports, IRQ sharing enabled
[    6.958340] 00:02: ttyS0 at I/O 0x3f8 (irq = 4, base_baud = 115200) is a 16550A
[    7.018147] Linux agpgart interface v0.103
[    7.021522] brd: module loaded
[    7.046216] tsc: Refined TSC clocksource calibration: 3610.343 MHz
[    7.046218] clocksource: tsc: mask: 0xffffffffffffffff max_cycles: 0x340a7dda79d, max_idle_ns: 440795311586 ns
[    7.218303] loop: module loaded
[    7.227372] scsi host0: ata_piix
[    7.246850] scsi host1: ata_piix
[    7.266708] ata1: PATA max UDMA/33 cmd 0x1f0 ctl 0x3f6 bmdma 0xd000 irq 14
[    7.336639] ata2: PATA max UDMA/33 cmd 0x170 ctl 0x376 bmdma 0xd008 irq 15
[    7.347557] libphy: Fixed MDIO Bus: probed
[    7.348196] tun: Universal TUN/TAP device driver, 1.6
[    7.348919] tun: (C) 1999-2004 Max Krasnyansky <maxk@qualcomm.com>
[    7.349833] PPP generic driver version 2.4.2
[    7.350555] ehci_hcd: USB 2.0 'Enhanced' Host Controller (EHCI) Driver
[    7.396665] ehci-pci: EHCI PCI platform driver
[    7.416877] ehci-platform: EHCI generic platform driver
[    7.496741] ohci_hcd: USB 1.1 'Open' Host Controller (OHCI) Driver
[    7.546859] ohci-pci: OHCI PCI platform driver
[    7.556864] ohci-platform: OHCI generic platform driver
[    7.616618] uhci_hcd: USB Universal Host Controller Interface driver
[    7.630290] i8042: PNP: PS/2 Controller [PNP0303:PS2K,PNP0f03:PS2M] at 0x60,0x64 irq 1,12
[    7.635354] serio: i8042 KBD port at 0x60,0x64 irq 1
[    7.656859] serio: i8042 AUX port at 0x60,0x64 irq 12
[    7.677182] mousedev: PS/2 mouse device common for all mice
[    7.687411] rtc_cmos rtc_cmos: rtc core: registered rtc_cmos as rtc0
[    7.691093] input: AT Translated Set 2 keyboard as /devices/platform/i8042/serio0/input/input2
[    7.692419] rtc_cmos rtc_cmos: alarms up to one day, 114 bytes nvram
[    7.694800] i2c /dev entries driver
[    7.695434] device-mapper: uevent: version 1.0.3
[    7.696218] device-mapper: ioctl: 4.34.0-ioctl (2015-10-28) initialised: dm-devel@redhat.com
[    7.717144] ledtrig-cpu: registered to indicate activity on CPUs
[    7.728781] NET: Registered protocol family 10
[    7.750648] NET: Registered protocol family 17
[    7.766736] Key type dns_resolver registered
[    7.770684] microcode: CPU0 sig=0x206d7, pf=0x4, revision=0x616
[    7.771821] microcode: CPU1 sig=0x206d7, pf=0x4, revision=0x616
[    7.786974] microcode: Microcode Update Driver: v2.01 <tigran@aivazian.fsnet.co.uk>, Peter Oruba
[    7.827286] registered taskstats version 1
[    7.831164] Loading compiled-in X.509 certificates
[    7.832552] Loaded X.509 cert 'Build time autogenerated kernel key: 771e0d622ae382dc020e1e0aac7679078fa6ff09'
[    7.837784] zswap: loaded using pool lzo/zbud
[    7.845341] Key type trusted registered
[    7.879651] Key type encrypted registered
[    7.886700] AppArmor: AppArmor sha1 policy hashing enabled
[    7.906561] ima: No TPM chip found, activating TPM-bypass!
[    7.907406] evm: HMAC attrs: 0x1
[    7.927260]   Magic number: 12:977:686
[    7.927969] rtc_cmos rtc_cmos: setting system clock to 2016-04-05 14:40:10 UTC (1459867210)
[    7.330955] BIOS EDD facility v0.16 2004-Jun-25, 0 devices found
[    7.977016] EDD information not available.
[    7.985841] Freeing unused kernel memory: 1468K (ffffffff81f41000 - ffffffff820b0000)
[    7.997352] Write protecting the kernel read-only data: 14336k
[    8.004392] Freeing unused kernel memory: 1868K (ffff88000182d000 - ffff880001a00000)
[    8.007686] Freeing unused kernel memory: 180K (ffff880001dd3000 - ffff880001e00000)
Loading, please wait...
starting version[    8.058145] random: systemd-udevd urandom read with 2 bits of entropy available
 229
[    8.083551] e1000: Intel(R) PRO/1000 Network Driver - version 7.3.21-k8-NAPI
[    8.107063] e1000: Copyright (c) 1999-2006 Intel Corporation.
[    8.128387] Fusion MPT base driver 3.04.20
[    8.136943] Copyright (c) 1999-2008 LSI Corporation
[    8.153458] Fusion MPT SPI Host driver 3.04.20
[    8.207358] AVX version of gcm_enc/dec engaged.
[    8.215101] AES CTR mode by8 optimization enabled
[    8.352346] input: ImExPS/2 Generic Explorer Mouse as /devices/platform/i8042/serio1/input/input4
[    8.515933] e1000 0000:00:03.0 eth0: (PCI:33MHz:32-bit) 02:56:f1:24:f3:b9
[    8.525573] e1000 0000:00:03.0 eth0: Intel(R) PRO/1000 Network Connection
[    8.531029] mptbase: ioc0: Initiating bringup
[    8.601215] ioc0: LSI53C1030 A0: Capabilities={Initiator}
[    8.778923] scsi host2: ioc0: LSI53C1030 A0, FwRev=00000000h, Ports=1, MaxQ=256, IRQ=20
[    8.937452] scsi 2:0:0:0: Direct-Access     VBOX     HARDDISK         1.0  PQ: 0 ANSI: 5
[    8.944073] scsi target2:0:0: Beginning Domain Validation
[    8.945807] scsi target2:0:0: Domain Validation skipping write tests
[    8.961814] scsi target2:0:0: Ending Domain Validation
[    8.973778] scsi target2:0:0: asynchronous
[    8.985849] scsi 2:0:1:0: Direct-Access     VBOX     HARDDISK         1.0  PQ: 0 ANSI: 5
[    8.987053] scsi target2:0:1: Beginning Domain Validation
[    8.988559] scsi target2:0:1: Domain Validation skipping write tests
[    8.996876] scsi target2:0:1: Ending Domain Validation
[    9.014460] scsi target2:0:1: asynchronous
[    9.022346] sd 2:0:0:0: Attached scsi generic sg0 type 0
[    9.041357] sd 2:0:0:0: [sda] 20971520 512-byte logical blocks: (10.7 GB/10.0 GiB)
[    9.049372] sd 2:0:1:0: Attached scsi generic sg1 type 0
[    9.050447] sd 2:0:1:0: [sdb] 20480 512-byte logical blocks: (10.5 MB/10.0 MiB)
[    9.053373] sd 2:0:0:0: [sda] Write Protect is off
[    9.057243] sd 2:0:0:0: [sda] Incomplete mode parameter data
[    9.062613] sd 2:0:0:0: [sda] Assuming drive cache: write through
[    9.066298] sd 2:0:1:0: [sdb] Write Protect is off
[    9.070573] sd 2:0:1:0: [sdb] Incomplete mode parameter data
[    9.071411] sd 2:0:1:0: [sdb] Assuming drive cache: write through
[    9.073802]  sda: sda1
[    9.078267] sd 2:0:1:0: [sdb] Attached SCSI disk
[    9.083717] sd 2:0:0:0: [sda] Attached SCSI disk
[   11.253295] floppy0: no floppy controllers found
Begin: Loading e[   12.339245] md: linear personality registered for level -1
ssential drivers ... [   12.345247] md: multipath personality registered for level -4
[   12.354684] md: raid0 personality registered for level 0
[   12.380786] md: raid1 personality registered for level 1
[   12.457047] raid6: sse2x1   gen()  8815 MB/s
[   12.533071] raid6: sse2x1   xor()  7142 MB/s
[   12.613066] raid6: sse2x2   gen() 10948 MB/s
[   12.681057] raid6: sse2x2   xor()  7795 MB/s
[   12.761089] raid6: sse2x4   gen() 11589 MB/s
[   12.845093] raid6: sse2x4   xor()  7437 MB/s
[   12.851448] raid6: using algorithm sse2x4 gen() 11589 MB/s
[   12.855105] raid6: .... xor() 7437 MB/s, rmw enabled
[   12.869866] raid6: using ssse3x2 recovery algorithm
[   12.878262] xor: automatically using best checksumming function:
[   12.917089]    avx       : 20690.000 MB/sec
[   12.938834] async_tx: api initialized (async)
[   12.973955] md: raid6 personality registered for level 6
[   12.987164] md: raid5 personality registered for level 5
[   12.988139] md: raid4 personality registered for level 4
[   12.994223] md: raid10 personality registered for level 10
done.
Begin: Running /scripts/init-premount ... done.
Begin: Mounting root file system ... Begin: Running /scripts/local-top ... done.
Begin: Running /scripts/local-premount ... [   13.033011] Btrfs loaded
Scanning for Btrfs filesystems
done.
Warning: fsck not present, so skipping root file system
[   13.079154] EXT4-fs (sda1): mounted filesystem with ordered data mode. Opts: (null)
done.
Begin: Running /scripts/local-bottom ... done.
Begin: Running /scripts/init-bottom ... Warning: overlayroot: debug is busted
done.
[   13.172744] systemd[1]: systemd 229 running in system mode. (+PAM +AUDIT +SELINUX +IMA +APPARMOR +SMACK +SYSVINIT +UTMP +LIBCRYPTSETUP +GCRYPT +GNUTLS +ACL +XZ -LZ4 +SECCOMP +BLKID +ELFUTILS +KMOD -IDN)
[   13.188372] systemd[1]: Detected virtualization oracle.
[   13.190246] systemd[1]: Detected architecture x86-64.

Welcome to [1mUbuntu 16.04[0m!

[   13.199853] systemd[1]: Set hostname to <ubuntu>.
[   13.311488] systemd[1]: Listening on Journal Audit Socket.
[[0;32m  OK  [0m] Listening on Journal Audit Socket.
[   13.373259] systemd[1]: Listening on udev Kernel Socket.
[[0;32m  OK  [0m] Listening on udev Kernel Socket.
[   13.387830] systemd[1]: Created slice User and Session Slice.
[[0;32m  OK  [0m] Created slice User and Session Slice.
[   13.397642] systemd[1]: Set up automount Arbitrary Executable File Formats File System Automount Point.
[[0;32m  OK  [0m] Set up automount Arbitrary Executab...ats File System Automount Point.
[   13.400195] systemd[1]: Listening on Syslog Socket.
[[0;32m  OK  [0m] Listening on Syslog Socket.
[   13.401936] systemd[1]: Created slice System Slice.
[[0;32m  OK  [0m] Created slice System Slice.
[   13.403633] systemd[1]: Created slice system-getty.slice.
[[0;32m  OK  [0m] Created slice system-getty.slice.
[   13.405242] systemd[1]: Listening on LVM2 poll daemon socket.
[[0;32m  OK  [0m] Listening on LVM2 poll daemon socket.
[   13.406922] systemd[1]: Reached target User and Group Name Lookups.
[[0;32m  OK  [0m] Reached target User and Group Name Lookups.
[   13.438017] systemd[1]: Reached target Slices.
[[0;32m  OK  [0m] Reached target Slices.
[   13.448732] systemd[1]: Listening on /dev/initctl Compatibility Named Pipe.
[[0;32m  OK  [0m] Listening on /dev/initctl Compatibility Named Pipe.
[   13.450957] systemd[1]: Listening on Journal Socket (/dev/log).
[[0;32m  OK  [0m] Listening on Journal Socket (/dev/log).
[   13.456636] systemd[1]: Created slice system-serial\x2dgetty.slice.
[[0;32m  OK  [0m] Created slice system-serial\x2dgetty.slice.
[   13.459788] systemd[1]: Listening on udev Control Socket.
[[0;32m  OK  [0m] Listening on udev Control Socket.
[   13.488771] systemd[1]: Started Forward Password Requests to Wall Directory Watch.
[[0;32m  OK  [0m] Started Forward Password Requests to Wall Directory Watch.
[   13.529401] systemd[1]: Listening on LVM2 metadata daemon socket.
[[0;32m  OK  [0m] Listening on LVM2 metadata daemon socket.
[   13.557326] systemd[1]: Listening on Journal Socket.
[[0;32m  OK  [0m] Listening on Journal Socket.
[   13.581311] systemd[1]: Starting Load Kernel Modules...
[   13.590774] Loading iSCSI transport class v2.0-870.
         Starting Load Kernel Modules...
[   13.611232] systemd[1]: Starting Uncomplicated firewall...
         Starting Uncomplicated firewall...
[   13.615390] systemd[1]: Mounting POSIX Message Queue File System...
[   13.626576] iscsi: registered transport (tcp)
         Mounting POSIX Message Queue File System...
[   13.629281] systemd[1]: Starting Remount Root and Kernel File Systems...
         Starting Remount Root and Kernel File Systems...
[   13.633707] EXT4-fs (sda1): re-mounted. Opts: (null)
[   13.637713] systemd[1]: Mounting Debug File System...
         Mounting Debug File System...
[   13.641030] systemd[1]: Starting Create list of required static device nodes for the current kernel...
         Starting Create list of required st... nodes for the current kernel...
[   13.702919] systemd[1]: Mounting Huge Pages File System...
         Mounting Huge Pages File System...
[   13.759809] systemd[1]: Starting Journal Service...
         Starting Journal Service...
[   13.770646] systemd[1]: Starting Nameserver information manager...
         Starting Nameserver information manager...
[   13.799054] systemd[1]: Reached target Swap.
[[0;32m  OK  [0m] Reached target Swap.
[   13.800585] systemd[1]: Listening on Device-mapper event daemon FIFOs.
[[0;32m  OK  [0m] Listening on Device-mapper event daemon FIFOs.
[   13.849321] systemd[1]: Starting Monitoring of LVM2 mirrors, snapshots etc. using dmeventd or progress polling...
         Starting Monitoring of LVM2 mirrors... dmeventd or progress polling...
[   13.864146] systemd[1]: Reached target Encrypted Volumes.
[[0;32m  OK  [0m] Reached target Encrypted Volumes.
[   13.910383] systemd[1]: Mounted POSIX Message Queue File System.
[[0;32m  OK  [0m] Mounted POSIX Message Queue File System.
[   13.948156] systemd[1]: Mounted Huge Pages File System.
[[0;32m  OK  [0m] Mounted Huge Pages File System.
[   13.987414] systemd[1]: Mounted Debug File System.
[[0;32m  OK  [0m] Mounted Debug File System.
[   13.995653] systemd[1]: Started Journal Service.
[[0;32m  OK  [0m] Started Journal Service.
[[0;1;31mFAILED[0m] Failed to start Load Kernel Modules.
See 'systemctl status systemd-modules-load.service' for details.
[[0;32m  OK  [0m] Started Uncomplicated firewall.
[[0;32m  OK  [0m] Started Remount Root and Kernel File Systems.
[[0;32m  OK  [0m] Started Create list of required sta...ce nodes for the current kernel.
[[0;32m  OK  [0m] Started Nameserver information manager.
[[0;32m  OK  [0m] Started LVM2 metadata daemon.
         Starting Create Static Device Nodes in /dev...
         Starting Load/Save Random Seed...
         Starting udev Coldplug all Devices...
         Starting Apply Kernel Variables...
         Mounting FUSE Control File System...
         Starting Flush Journal to Persistent Storage...
[[0;32m  OK  [0m] Mounted FUSE Control File System.
[[0;32m  OK  [0m] Started Create Static Device Nodes in /dev.
[[0;32m  OK  [0m] Started Load/Save Random Seed.
[[0;32m  OK  [0m] Started Apply Kernel Variables.
[[0;32m  OK  [0m] Started udev Coldplug all Devices.
[[0;32m  OK  [0m] Started Flush Journal to Persistent Storage.
         Starting udev Kernel Device Manager...
[[0;32m  OK  [0m] Started udev Kernel Device Manager.
         Starting LSB: Tune IDE hard disks...
[[0;32m  OK  [0m] Started Dispatch Password Requests to Console Directory Watch.
[[0;32m  OK  [0m] Started LSB: Tune IDE hard disks.
[[0;32m  OK  [0m] Found device /dev/ttyS0.
[[0;32m  OK  [0m] Listening on Load/Save RF Kill Switch Status /dev/rfkill Watch.
[[0;32m  OK  [0m] Started Monitoring of LVM2 mirrors,...ng dmeventd or progress polling.
[[0;32m  OK  [0m] Reached target Local File Systems (Pre).
[[0;32m  OK  [0m] Reached target Local File Systems.
         Starting Tell Plymouth To Write Out Runtime Data...
         Starting LSB: AppArmor initialization...
         Starting Create Volatile Files and Directories...
         Starting Initial cloud-init job (pre-networking)...
         Starting Set console keymap...
[[0;32m  OK  [0m] Started Tell Plymouth To Write Out Runtime Data.
[[0;32m  OK  [0m] Started Create Volatile Files and Directories.
         Starting Update UTMP about System Boot/Shutdown...
         Starting Network Time Synchronization...
[[0;32m  OK  [0m] Started Set console keymap.
[[0;32m  OK  [0m] Started Network Time Synchronization.
[[0;32m  OK  [0m] Started Update UTMP about System Boot/Shutdown.
[[0;32m  OK  [0m] Reached target System Time Synchronized.
[[0;32m  OK  [0m] Started LSB: AppArmor initialization.
[[0;32m  OK  [0m] Reached target System Initialization.
[[0;32m  OK  [0m] Started Daily Cleanup of Temporary Directories.
[[0;32m  OK  [0m] Reached target Timers.
         Starting LXD - unix socket.
[[0;32m  OK  [0m] Started Trigger resolvconf update for networkd DNS.
[[0;32m  OK  [0m] Started ACPI Events Check.
[[0;32m  OK  [0m] Reached target Paths.
         Starting Seed the pseudo random number generator on first boot...
[[0;32m  OK  [0m] Listening on D-Bus System Message Bus Socket.
[[0;32m  OK  [0m] Listening on UUID daemon activation socket.
[[0;32m  OK  [0m] Listening on ACPID Listen Socket.
[[0;32m  OK  [0m] Listening on LXD - unix socket.
[[0;32m  OK  [0m] Reached target Sockets.
[[0;32m  OK  [0m] Reached target Basic System.
[[0;32m  OK  [0m] Started Regular background program processing daemon.
         Starting System Logging Service...
[[0;32m  OK  [0m] Started Deferred execution scheduler.
         Starting Accounts Service...
[[0;32m  OK  [0m] Started ACPI event daemon.
         Starting LSB: MD monitoring daemon...
[[0;32m  OK  [0m] Started FUSE filesystem for LXC.
         Starting Login Service...
[[0;32m  OK  [0m] Started D-Bus System Message Bus.
         Starting LSB: Record successful boot for GRUB...
         Starting LXD - container startup/shutdown...
[[0;32m  OK  [0m] Started System Logging Service.
[[0;32m  OK  [0m] Started Login Service.
         Starting Authenticate and Authorize Users to Run Privileged Tasks...
[[0;32m  OK  [0m] Started LSB: MD monitoring daemon.
[[0;32m  OK  [0m] Started LSB: Record successful boot for GRUB.
[[0;32m  OK  [0m] Started LXD - container startup/shutdown.
[[0;32m  OK  [0m] Started Authenticate and Authorize Users to Run Privileged Tasks.
[[0;32m  OK  [0m] Started Accounts Service.
[   14.542041] cloud-init[604]: Cloud-init v. 0.7.7 running 'init-local' at Tue, 05 Apr 2016 14:42:51 +0000. Up 14.09 seconds.
[[0;32m  OK  [0m] Started Initial cloud-init job (pre-networking).
[[0;32m  OK  [0m] Reached target Network (Pre).
         Starting Raise network interfaces...
[[0;32m  OK  [0m] Started ifup for eth0.
[[0;32m  OK  [0m] Found device 82540EM Gigabit Ethern...r (PRO/1000 MT Desktop Adapter).
[[0;32m  OK  [0m] Started Raise network interfaces.
         Starting Initial cloud-init job (metadata service crawler)...
[[0;32m  OK  [0m] Reached target Network.
[[0;32m  OK  [0m] Started Seed the pseudo random number generator on first boot.
[   16.682905] cloud-init[1002]: Cloud-init v. 0.7.7 running 'init' at Tue, 05 Apr 2016 14:42:54 +0000. Up 16.34 seconds.
[   16.688597] cloud-init[1002]: ci-info: +++++++++++++++++++++++++++++++++++++Net device info++++++++++++++++++++++++++++++++++++++
[   16.690453] cloud-init[1002]: ci-info: +--------+------+----------------------------+---------------+-------+-------------------+
[   16.698543] cloud-init[1002]: ci-info: | Device |  Up  |          Address           |      Mask     | Scope |     Hw-Address    |
[   16.710207] cloud-init[1002]: ci-info: +--------+------+----------------------------+---------------+-------+-------------------+
[   16.719408] cloud-init[1002]: ci-info: |  eth0  | True |         10.0.2.15          | 255.255.255.0 |   .   | 02:56:f1:24:f3:b9 |
[   16.724616] cloud-init[1002]: ci-info: |  eth0  | True | fe80::56:f1ff:fe24:f3b9/64 |       .       |  link | 02:56:f1:24:f3:b9 |
[   16.728609] cloud-init[1002]: ci-info: |   lo   | True |         127.0.0.1          |   255.0.0.0   |   .   |         .         |
[   16.736031] cloud-init[1002]: ci-info: |   lo   | True |          ::1/128           |       .       |  host |         .         |
[   16.741093] cloud-init[1002]: ci-info: +--------+------+----------------------------+---------------+-------+-------------------+
[[0;32m  OK  [0m] Started Initial cloud-init job (metadata service crawler).
[   16.748873] cloud-init[1002]: ci-info: +++++++++++++++++++++++++++Route IPv4 info++++++++++++++++++++++++++++
[   16.754333] cloud-init[1002]: ci-info: +-------+-------------+----------+---------------+-----------+-------+
         Starting OpenBSD Secure Shell server...
[[0;32m  OK  [0m] Reached target Cloud-config availability.
[[0;32m  OK  [0m] Reached target Network is Online.
[   16.786369] cloud-init[1002]: ci-info: | Route | Destination | Gateway  |    Genmask    | Interface | Flags |
[   16.800838] cloud-init[1002]: ci-info: +-------+-------------+----------+---------------+-----------+-------+
[   16.806153]          Starting iSCSI initiator daemon (iscsid)...
cloud-init[1002]: ci-info: |   0   |   0.0.0.0   | 10.0.2.2 |    0.0.0.0    |    eth0   |   UG  |
[   16.808725]          Starting LXC network bridge setup...
cloud-init[1002]:          Starting /etc/rc.local Compatibility...
ci-info: |   1   |   10.0.2.0  | 0.0.0.0  | 255.255.255.0 |    eth0   |   U   |
[   16.975601]          cloud-initStarting Apply the settings specified in cloud-config...[1002]: 
ci-info: +-------+-------------+----------+---------------+-----------+-------+
[[0;32m  OK  [0m] Started OpenBSD Secure Shell server.
[[0;32m  OK  [0m] Started LXC network bridge setup.
[[0;32m  OK  [0m] Started /etc/rc.local Compatibility.
[[0;32m  OK  [0m] Started iSCSI initiator daemon (iscsid).
         Starting Login to default iSCSI targets...
         Starting LXC Container Initialization and Autoboot Code...
[[0;32m  OK  [0m] Started Login to default iSCSI targets.
[[0;32m  OK  [0m] Started LXC Container Initialization and Autoboot Code.
[[0;32m  OK  [0m] Reached target Remote File Systems (Pre).
[[0;32m  OK  [0m] Reached target Remote File Systems.
         Starting LSB: daemon to balance interrupts for SMP systems...
         Starting LSB: automatic crash report generation...
         Starting LSB: Set the CPU Frequency Scaling governor to "ondemand"...
         Starting Permit User Sessions...
[[0;32m  OK  [0m] Started Permit User Sessions.
[   17.329376] cloud-init[1072]: Cloud-init v. 0.7.7 running 'modules:config' at Tue, 05 Apr 2016 14:42:54 +0000. Up 17.17 seconds.
[[0;32m  OK  [0m] Started LSB: automatic crash report generation.
[[0;32m  OK  [0m] Started Apply the settings specified in cloud-config.
[[0;32m  OK  [0m] Started LSB: daemon to balance interrupts for SMP systems.
[[0;32m  OK  [0m] Started LSB: Set the CPU Frequency Scaling governor to "ondemand".
[[0;32m  OK  [0m] Created slice User Slice of ubuntu.
[[0;32m  OK  [0m] Started Session 1 of user ubuntu.
         Starting User Manager for UID 1000...
         Starting Execute cloud user/final scripts...
         Starting Terminate Plymouth Boot Screen...
         Starting Hold until boot process finishes up...
[[0;32m  OK  [0m] Started User Manager for UID 1000.
[[0;32m  OK  [0m] Started Terminate Plymouth Boot Screen.
[[0;32m  OK  [0m] Started Hold until boot process finishes up.
[[0;32m  OK  [0m] Started Getty on tty1.
[[0;32m  OK  [0m] Started Serial Getty on ttyS0.
[[0;32m  OK  [0m] Reached target Login Prompts.
[   17.884895] cloud-init[1256]: Cloud-init v. 0.7.7 running 'modules:final' at Tue, 05 Apr 2016 14:42:55 +0000. Up 17.78 seconds.
[   17.916018] cloud-init[1256]: Cloud-init v. 0.7.7 finished at Tue, 05 Apr 2016 14:42:55 +0000. Datasource DataSourceNoCloudNet [seed=/dev/sdb][dsmode=net].  Up 17.87 seconds
[[0;32m  OK  [0m] Started Execute cloud user/final scripts.
[[0;32m  OK  [0m] Reached target Cloud-init target.
[[0;32m  OK  [0m] Reached target Multi-User System.
[[0;32m  OK  [0m] Reached target Graphical Interface.
         Starting Update UTMP about System Runlevel Changes...
[[0;32m  OK  [0m] Started Update UTMP about System Runlevel Changes.

Ubuntu Xenial Xerus (development branch) ubuntu ttyS0

ubuntu login: 